c:\users\admin\desktop\c\finalproject\client\finelproject\debug\vc141.pdb
c:\users\admin\desktop\c\finalproject\client\finelproject\debug\vc141.idb
c:\users\admin\desktop\c\finalproject\client\finelproject\debug\statusmessage.obj
c:\users\admin\desktop\c\finalproject\client\finelproject\debug\simulator.obj
c:\users\admin\desktop\c\finalproject\client\finelproject\debug\random.obj
c:\users\admin\desktop\c\finalproject\client\finelproject\debug\newsimulator.obj
c:\users\admin\desktop\c\finalproject\client\finelproject\debug\main.obj
c:\users\admin\desktop\c\finalproject\client\finelproject\debug\discovermessage.obj
c:\users\admin\desktop\c\finalproject\client\finelproject\debug\camera.obj
c:\users\admin\desktop\c\finalproject\client\finelproject\debug\buffer.obj
c:\users\admin\desktop\c\finalproject\client\finelproject\debug\basemessage.obj
c:\users\admin\desktop\c\finalproject\client\debug\finelproject.exe
c:\users\admin\desktop\c\finalproject\client\debug\finelproject.ilk
c:\users\admin\desktop\c\finalproject\client\debug\finelproject.pdb
c:\sari\chani\test\finalproject\client\finelproject\debug\basemessage.obj
c:\sari\chani\test\finalproject\client\finelproject\debug\buffer.obj
c:\sari\chani\test\finalproject\client\finelproject\debug\camera.obj
c:\sari\chani\test\finalproject\client\finelproject\debug\discovermessage.obj
c:\sari\chani\test\finalproject\client\finelproject\debug\main.obj
c:\sari\chani\test\finalproject\client\finelproject\debug\newsimulator.obj
c:\sari\chani\test\finalproject\client\finelproject\debug\random.obj
c:\sari\chani\test\finalproject\client\finelproject\debug\simulator.obj
c:\sari\chani\test\finalproject\client\finelproject\debug\statusmessage.obj
c:\sari\chani\test\finalproject\client\finelproject\debug\vc141.idb
c:\sari\chani\test\finalproject\client\finelproject\debug\vc141.pdb
c:\sari\chani\test\finalproject\client\debug\finelproject.pdb
c:\sari\chani\test\finalproject\client\debug\finelproject.exe
c:\sari\chani\test\finalproject\client\debug\finelproject.ilk
c:\sari\chani\test\finalproject\client\finelproject\debug\finelproject.tlog\cl.command.1.tlog
c:\sari\chani\test\finalproject\client\finelproject\debug\finelproject.tlog\cl.read.1.tlog
c:\sari\chani\test\finalproject\client\finelproject\debug\finelproject.tlog\cl.write.1.tlog
c:\sari\chani\test\finalproject\client\finelproject\debug\finelproject.tlog\link.command.1.tlog
c:\sari\chani\test\finalproject\client\finelproject\debug\finelproject.tlog\link.read.1.tlog
c:\sari\chani\test\finalproject\client\finelproject\debug\finelproject.tlog\link.write.1.tlog
